
10-08-2022 14:17:41 [afisic.wppsbootcamp.com][info] Parent plugin start installation!
10-08-2022 14:17:41 [afisic.wppsbootcamp.com][info] Plugin installation: try create plugin tables.
																	-DB Version: 0
																	-Plugin Version in DB: 0
																	-Current Plugin Version: 1.5.6
10-08-2022 14:17:41 [afisic.wppsbootcamp.com][info] Parent plugin installation complete!
-------------------------------
10-08-2022 14:17:50 [afisic.wppsbootcamp.com][info] Try to create backup directory. Backup dir: (/home/afisic/public_html/digitel/wp-content/uploads/wio_backup)
-------------------------------
10-08-2022 14:25:01 [afisic.wppsbootcamp.com][info] Start bulk optimization process! Scope: media-library
10-08-2022 14:25:01 [afisic.wppsbootcamp.com][info] Try to create backup directory. Backup dir: (/home/afisic/public_html/digitel/wp-content/uploads/wio_backup/2022/08)
10-08-2022 14:25:01 [afisic.wppsbootcamp.com][info] Preparing to upload a file (/home/afisic/public_html/digitel/wp-content/uploads/2022/08/logo.png) to a remote server (server_1).
10-08-2022 14:25:01 [afisic.wppsbootcamp.com][info] File successfully uploaded to remote server (server_1).
10-08-2022 14:25:01 [afisic.wppsbootcamp.com][info] Preparing to upload a file (/home/afisic/public_html/digitel/wp-content/uploads/2022/08/logo-150x106.png) to a remote server (server_1).
10-08-2022 14:25:01 [afisic.wppsbootcamp.com][info] File successfully uploaded to remote server (server_1).
10-08-2022 14:25:01 [afisic.wppsbootcamp.com][debug] New queue created #1, attributes values: {&quot;server_id&quot;:null,&quot;object_id&quot;:&quot;6&quot;,&quot;object_name&quot;:&quot;&quot;,&quot;item_type&quot;:&quot;attachment&quot;,&quot;item_hash&quot;:null,&quot;item_hash_alternative&quot;:null,&quot;result_status&quot;:&quot;success&quot;,&quot;processing_level&quot;:&quot;normal&quot;,&quot;is_backed_up&quot;:true,&quot;original_size&quot;:5081,&quot;final_size&quot;:3723,&quot;original_mime_type&quot;:&quot;image\/png&quot;,&quot;final_mime_type&quot;:&quot;image\/png&quot;,&quot;extra_data&quot;:&quot;{\&quot;thumbnails_count\&quot;:1,\&quot;original_main_size\&quot;:2283,\&quot;class\&quot;:\&quot;RIO_Attachment_Extra_Data\&quot;}&quot;,&quot;created_at&quot;:1660141501}
10-08-2022 14:25:01 [afisic.wppsbootcamp.com][info] End bulk optimization process! Scope: media-library. Remain: 28
-------------------------------
10-08-2022 14:25:01 [afisic.wppsbootcamp.com][info] Start bulk optimization process! Scope: media-library
10-08-2022 14:25:02 [afisic.wppsbootcamp.com][info] Preparing to upload a file (/home/afisic/public_html/digitel/wp-content/uploads/2022/08/Hero-image.jpg) to a remote server (server_1).
10-08-2022 14:25:02 [afisic.wppsbootcamp.com][info] File successfully uploaded to remote server (server_1).
10-08-2022 14:25:02 [afisic.wppsbootcamp.com][info] Preparing to upload a file (/home/afisic/public_html/digitel/wp-content/uploads/2022/08/Hero-image-150x150.jpg) to a remote server (server_1).
10-08-2022 14:25:02 [afisic.wppsbootcamp.com][info] File successfully uploaded to remote server (server_1).
10-08-2022 14:25:02 [afisic.wppsbootcamp.com][info] Preparing to upload a file (/home/afisic/public_html/digitel/wp-content/uploads/2022/08/Hero-image-300x94.jpg) to a remote server (server_1).
10-08-2022 14:25:02 [afisic.wppsbootcamp.com][info] File successfully uploaded to remote server (server_1).
10-08-2022 14:25:02 [afisic.wppsbootcamp.com][debug] New queue created #2, attributes values: {&quot;server_id&quot;:null,&quot;object_id&quot;:&quot;11&quot;,&quot;object_name&quot;:&quot;&quot;,&quot;item_type&quot;:&quot;attachment&quot;,&quot;item_hash&quot;:null,&quot;item_hash_alternative&quot;:null,&quot;result_status&quot;:&quot;success&quot;,&quot;processing_level&quot;:&quot;normal&quot;,&quot;is_backed_up&quot;:true,&quot;original_size&quot;:219701,&quot;final_size&quot;:111724,&quot;original_mime_type&quot;:&quot;image\/jpeg&quot;,&quot;final_mime_type&quot;:&quot;image\/jpeg&quot;,&quot;extra_data&quot;:&quot;{\&quot;thumbnails_count\&quot;:2,\&quot;original_main_size\&quot;:207358,\&quot;class\&quot;:\&quot;RIO_Attachment_Extra_Data\&quot;}&quot;,&quot;created_at&quot;:1660141502}
10-08-2022 14:25:02 [afisic.wppsbootcamp.com][info] End bulk optimization process! Scope: media-library. Remain: 27
-------------------------------
10-08-2022 14:25:02 [afisic.wppsbootcamp.com][info] Start bulk optimization process! Scope: media-library
10-08-2022 14:25:02 [afisic.wppsbootcamp.com][info] Preparing to upload a file (/home/afisic/public_html/digitel/wp-content/uploads/2022/08/Measuring-station-Greece-image.png) to a remote server (server_1).
10-08-2022 14:25:03 [afisic.wppsbootcamp.com][info] File successfully uploaded to remote server (server_1).
10-08-2022 14:25:03 [afisic.wppsbootcamp.com][info] Preparing to upload a file (/home/afisic/public_html/digitel/wp-content/uploads/2022/08/Measuring-station-Greece-image-150x150.png) to a remote server (server_1).
10-08-2022 14:25:03 [afisic.wppsbootcamp.com][info] File successfully uploaded to remote server (server_1).
10-08-2022 14:25:03 [afisic.wppsbootcamp.com][info] Preparing to upload a file (/home/afisic/public_html/digitel/wp-content/uploads/2022/08/Measuring-station-Greece-image-300x227.png) to a remote server (server_1).
10-08-2022 14:25:03 [afisic.wppsbootcamp.com][info] File successfully uploaded to remote server (server_1).
10-08-2022 14:25:03 [afisic.wppsbootcamp.com][debug] New queue created #3, attributes values: {&quot;server_id&quot;:null,&quot;object_id&quot;:&quot;19&quot;,&quot;object_name&quot;:&quot;&quot;,&quot;item_type&quot;:&quot;attachment&quot;,&quot;item_hash&quot;:null,&quot;item_hash_alternative&quot;:null,&quot;result_status&quot;:&quot;success&quot;,&quot;processing_level&quot;:&quot;normal&quot;,&quot;is_backed_up&quot;:true,&quot;original_size&quot;:363338,&quot;final_size&quot;:129700,&quot;original_mime_type&quot;:&quot;image\/png&quot;,&quot;final_mime_type&quot;:&quot;image\/png&quot;,&quot;extra_data&quot;:&quot;{\&quot;thumbnails_count\&quot;:2,\&quot;original_main_size\&quot;:215912,\&quot;class\&quot;:\&quot;RIO_Attachment_Extra_Data\&quot;}&quot;,&quot;created_at&quot;:1660141503}
10-08-2022 14:25:03 [afisic.wppsbootcamp.com][info] End bulk optimization process! Scope: media-library. Remain: 26
-------------------------------
10-08-2022 14:25:03 [afisic.wppsbootcamp.com][info] Start bulk optimization process! Scope: media-library
10-08-2022 14:25:03 [afisic.wppsbootcamp.com][info] Preparing to upload a file (/home/afisic/public_html/digitel/wp-content/uploads/2022/08/Arctic-Century-campaign-image.png) to a remote server (server_1).
10-08-2022 14:25:04 [afisic.wppsbootcamp.com][info] File successfully uploaded to remote server (server_1).
10-08-2022 14:25:04 [afisic.wppsbootcamp.com][info] Preparing to upload a file (/home/afisic/public_html/digitel/wp-content/uploads/2022/08/Arctic-Century-campaign-image-150x150.png) to a remote server (server_1).
10-08-2022 14:25:04 [afisic.wppsbootcamp.com][info] File successfully uploaded to remote server (server_1).
10-08-2022 14:25:04 [afisic.wppsbootcamp.com][info] Preparing to upload a file (/home/afisic/public_html/digitel/wp-content/uploads/2022/08/Arctic-Century-campaign-image-300x227.png) to a remote server (server_1).
10-08-2022 14:25:04 [afisic.wppsbootcamp.com][info] File successfully uploaded to remote server (server_1).
10-08-2022 14:25:04 [afisic.wppsbootcamp.com][debug] New queue created #4, attributes values: {&quot;server_id&quot;:null,&quot;object_id&quot;:&quot;22&quot;,&quot;object_name&quot;:&quot;&quot;,&quot;item_type&quot;:&quot;attachment&quot;,&quot;item_hash&quot;:null,&quot;item_hash_alternative&quot;:null,&quot;result_status&quot;:&quot;success&quot;,&quot;processing_level&quot;:&quot;normal&quot;,&quot;is_backed_up&quot;:true,&quot;original_size&quot;:397302,&quot;final_size&quot;:109348,&quot;original_mime_type&quot;:&quot;image\/png&quot;,&quot;final_mime_type&quot;:&quot;image\/png&quot;,&quot;extra_data&quot;:&quot;{\&quot;thumbnails_count\&quot;:2,\&quot;original_main_size\&quot;:242545,\&quot;class\&quot;:\&quot;RIO_Attachment_Extra_Data\&quot;}&quot;,&quot;created_at&quot;:1660141504}
10-08-2022 14:25:04 [afisic.wppsbootcamp.com][info] End bulk optimization process! Scope: media-library. Remain: 25
-------------------------------
10-08-2022 14:25:05 [afisic.wppsbootcamp.com][info] Start bulk optimization process! Scope: media-library
10-08-2022 14:25:05 [afisic.wppsbootcamp.com][info] Preparing to upload a file (/home/afisic/public_html/digitel/wp-content/uploads/2022/08/NILU-Measuring-station-image.png) to a remote server (server_1).
10-08-2022 14:25:05 [afisic.wppsbootcamp.com][info] File successfully uploaded to remote server (server_1).
10-08-2022 14:25:05 [afisic.wppsbootcamp.com][info] Preparing to upload a file (/home/afisic/public_html/digitel/wp-content/uploads/2022/08/NILU-Measuring-station-image-150x150.png) to a remote server (server_1).
10-08-2022 14:25:05 [afisic.wppsbootcamp.com][info] File successfully uploaded to remote server (server_1).
10-08-2022 14:25:05 [afisic.wppsbootcamp.com][info] Preparing to upload a file (/home/afisic/public_html/digitel/wp-content/uploads/2022/08/NILU-Measuring-station-image-300x227.png) to a remote server (server_1).
10-08-2022 14:25:05 [afisic.wppsbootcamp.com][info] File successfully uploaded to remote server (server_1).
10-08-2022 14:25:05 [afisic.wppsbootcamp.com][debug] New queue created #5, attributes values: {&quot;server_id&quot;:null,&quot;object_id&quot;:&quot;25&quot;,&quot;object_name&quot;:&quot;&quot;,&quot;item_type&quot;:&quot;attachment&quot;,&quot;item_hash&quot;:null,&quot;item_hash_alternative&quot;:null,&quot;result_status&quot;:&quot;success&quot;,&quot;processing_level&quot;:&quot;normal&quot;,&quot;is_backed_up&quot;:true,&quot;original_size&quot;:440543,&quot;final_size&quot;:130193,&quot;original_mime_type&quot;:&quot;image\/png&quot;,&quot;final_mime_type&quot;:&quot;image\/png&quot;,&quot;extra_data&quot;:&quot;{\&quot;thumbnails_count\&quot;:2,\&quot;original_main_size\&quot;:277532,\&quot;class\&quot;:\&quot;RIO_Attachment_Extra_Data\&quot;}&quot;,&quot;created_at&quot;:1660141505}
10-08-2022 14:25:05 [afisic.wppsbootcamp.com][info] End bulk optimization process! Scope: media-library. Remain: 24
-------------------------------
10-08-2022 14:25:06 [afisic.wppsbootcamp.com][info] Start bulk optimization process! Scope: media-library
10-08-2022 14:25:06 [afisic.wppsbootcamp.com][info] Preparing to upload a file (/home/afisic/public_html/digitel/wp-content/uploads/2022/08/image-2.png) to a remote server (server_1).
10-08-2022 14:25:06 [afisic.wppsbootcamp.com][info] File successfully uploaded to remote server (server_1).
10-08-2022 14:25:06 [afisic.wppsbootcamp.com][info] Preparing to upload a file (/home/afisic/public_html/digitel/wp-content/uploads/2022/08/image-2-150x150.png) to a remote server (server_1).
10-08-2022 14:25:06 [afisic.wppsbootcamp.com][info] File successfully uploaded to remote server (server_1).
10-08-2022 14:25:06 [afisic.wppsbootcamp.com][info] Preparing to upload a file (/home/afisic/public_html/digitel/wp-content/uploads/2022/08/image-2-255x300.png) to a remote server (server_1).
10-08-2022 14:25:06 [afisic.wppsbootcamp.com][info] File successfully uploaded to remote server (server_1).
10-08-2022 14:25:06 [afisic.wppsbootcamp.com][debug] New queue created #6, attributes values: {&quot;server_id&quot;:null,&quot;object_id&quot;:&quot;47&quot;,&quot;object_name&quot;:&quot;&quot;,&quot;item_type&quot;:&quot;attachment&quot;,&quot;item_hash&quot;:null,&quot;item_hash_alternative&quot;:null,&quot;result_status&quot;:&quot;success&quot;,&quot;processing_level&quot;:&quot;normal&quot;,&quot;is_backed_up&quot;:true,&quot;original_size&quot;:341402,&quot;final_size&quot;:107197,&quot;original_mime_type&quot;:&quot;image\/png&quot;,&quot;final_mime_type&quot;:&quot;image\/png&quot;,&quot;extra_data&quot;:&quot;{\&quot;thumbnails_count\&quot;:2,\&quot;original_main_size\&quot;:194138,\&quot;class\&quot;:\&quot;RIO_Attachment_Extra_Data\&quot;}&quot;,&quot;created_at&quot;:1660141506}
10-08-2022 14:25:06 [afisic.wppsbootcamp.com][info] End bulk optimization process! Scope: media-library. Remain: 23
-------------------------------
10-08-2022 14:25:07 [afisic.wppsbootcamp.com][info] Start bulk optimization process! Scope: media-library
10-08-2022 14:25:07 [afisic.wppsbootcamp.com][info] Preparing to upload a file (/home/afisic/public_html/digitel/wp-content/uploads/2022/08/image-1.png) to a remote server (server_1).
10-08-2022 14:25:07 [afisic.wppsbootcamp.com][info] File successfully uploaded to remote server (server_1).
10-08-2022 14:25:07 [afisic.wppsbootcamp.com][info] Preparing to upload a file (/home/afisic/public_html/digitel/wp-content/uploads/2022/08/image-1-150x150.png) to a remote server (server_1).
10-08-2022 14:25:07 [afisic.wppsbootcamp.com][info] File successfully uploaded to remote server (server_1).
10-08-2022 14:25:07 [afisic.wppsbootcamp.com][info] Preparing to upload a file (/home/afisic/public_html/digitel/wp-content/uploads/2022/08/image-1-255x300.png) to a remote server (server_1).
10-08-2022 14:25:07 [afisic.wppsbootcamp.com][info] File successfully uploaded to remote server (server_1).
10-08-2022 14:25:07 [afisic.wppsbootcamp.com][debug] New queue created #7, attributes values: {&quot;server_id&quot;:null,&quot;object_id&quot;:&quot;50&quot;,&quot;object_name&quot;:&quot;&quot;,&quot;item_type&quot;:&quot;attachment&quot;,&quot;item_hash&quot;:null,&quot;item_hash_alternative&quot;:null,&quot;result_status&quot;:&quot;success&quot;,&quot;processing_level&quot;:&quot;normal&quot;,&quot;is_backed_up&quot;:true,&quot;original_size&quot;:301666,&quot;final_size&quot;:110332,&quot;original_mime_type&quot;:&quot;image\/png&quot;,&quot;final_mime_type&quot;:&quot;image\/png&quot;,&quot;extra_data&quot;:&quot;{\&quot;thumbnails_count\&quot;:2,\&quot;original_main_size\&quot;:164904,\&quot;class\&quot;:\&quot;RIO_Attachment_Extra_Data\&quot;}&quot;,&quot;created_at&quot;:1660141507}
10-08-2022 14:25:07 [afisic.wppsbootcamp.com][info] End bulk optimization process! Scope: media-library. Remain: 22
-------------------------------
10-08-2022 14:25:08 [afisic.wppsbootcamp.com][info] Start bulk optimization process! Scope: media-library
10-08-2022 14:25:08 [afisic.wppsbootcamp.com][info] Preparing to upload a file (/home/afisic/public_html/digitel/wp-content/uploads/2022/08/NILU-Measuring-station-image-1.png) to a remote server (server_1).
10-08-2022 14:25:08 [afisic.wppsbootcamp.com][info] File successfully uploaded to remote server (server_1).
10-08-2022 14:25:08 [afisic.wppsbootcamp.com][info] Preparing to upload a file (/home/afisic/public_html/digitel/wp-content/uploads/2022/08/NILU-Measuring-station-image-1-150x150.png) to a remote server (server_1).
10-08-2022 14:25:08 [afisic.wppsbootcamp.com][info] File successfully uploaded to remote server (server_1).
10-08-2022 14:25:08 [afisic.wppsbootcamp.com][info] Preparing to upload a file (/home/afisic/public_html/digitel/wp-content/uploads/2022/08/NILU-Measuring-station-image-1-300x227.png) to a remote server (server_1).
10-08-2022 14:25:09 [afisic.wppsbootcamp.com][info] File successfully uploaded to remote server (server_1).
10-08-2022 14:25:09 [afisic.wppsbootcamp.com][debug] New queue created #8, attributes values: {&quot;server_id&quot;:null,&quot;object_id&quot;:&quot;53&quot;,&quot;object_name&quot;:&quot;&quot;,&quot;item_type&quot;:&quot;attachment&quot;,&quot;item_hash&quot;:null,&quot;item_hash_alternative&quot;:null,&quot;result_status&quot;:&quot;success&quot;,&quot;processing_level&quot;:&quot;normal&quot;,&quot;is_backed_up&quot;:true,&quot;original_size&quot;:440543,&quot;final_size&quot;:130193,&quot;original_mime_type&quot;:&quot;image\/png&quot;,&quot;final_mime_type&quot;:&quot;image\/png&quot;,&quot;extra_data&quot;:&quot;{\&quot;thumbnails_count\&quot;:2,\&quot;original_main_size\&quot;:277532,\&quot;class\&quot;:\&quot;RIO_Attachment_Extra_Data\&quot;}&quot;,&quot;created_at&quot;:1660141509}
10-08-2022 14:25:09 [afisic.wppsbootcamp.com][info] End bulk optimization process! Scope: media-library. Remain: 21
-------------------------------
10-08-2022 14:25:09 [afisic.wppsbootcamp.com][info] Start bulk optimization process! Scope: media-library
10-08-2022 14:25:09 [afisic.wppsbootcamp.com][info] Preparing to upload a file (/home/afisic/public_html/digitel/wp-content/uploads/2022/08/High-Volume-sampler-image.png) to a remote server (server_1).
10-08-2022 14:25:09 [afisic.wppsbootcamp.com][info] File successfully uploaded to remote server (server_1).
10-08-2022 14:25:09 [afisic.wppsbootcamp.com][info] Preparing to upload a file (/home/afisic/public_html/digitel/wp-content/uploads/2022/08/High-Volume-sampler-image-150x150.png) to a remote server (server_1).
10-08-2022 14:25:09 [afisic.wppsbootcamp.com][info] File successfully uploaded to remote server (server_1).
10-08-2022 14:25:09 [afisic.wppsbootcamp.com][info] Preparing to upload a file (/home/afisic/public_html/digitel/wp-content/uploads/2022/08/High-Volume-sampler-image-282x300.png) to a remote server (server_1).
10-08-2022 14:25:10 [afisic.wppsbootcamp.com][info] File successfully uploaded to remote server (server_1).
10-08-2022 14:25:10 [afisic.wppsbootcamp.com][debug] New queue created #9, attributes values: {&quot;server_id&quot;:null,&quot;object_id&quot;:&quot;134&quot;,&quot;object_name&quot;:&quot;&quot;,&quot;item_type&quot;:&quot;attachment&quot;,&quot;item_hash&quot;:null,&quot;item_hash_alternative&quot;:null,&quot;result_status&quot;:&quot;success&quot;,&quot;processing_level&quot;:&quot;normal&quot;,&quot;is_backed_up&quot;:true,&quot;original_size&quot;:364554,&quot;final_size&quot;:126955,&quot;original_mime_type&quot;:&quot;image\/png&quot;,&quot;final_mime_type&quot;:&quot;image\/png&quot;,&quot;extra_data&quot;:&quot;{\&quot;thumbnails_count\&quot;:2,\&quot;original_main_size\&quot;:243590,\&quot;class\&quot;:\&quot;RIO_Attachment_Extra_Data\&quot;}&quot;,&quot;created_at&quot;:1660141510}
10-08-2022 14:25:10 [afisic.wppsbootcamp.com][info] End bulk optimization process! Scope: media-library. Remain: 20
-------------------------------
10-08-2022 14:25:10 [afisic.wppsbootcamp.com][info] Start bulk optimization process! Scope: media-library
10-08-2022 14:25:10 [afisic.wppsbootcamp.com][info] Preparing to upload a file (/home/afisic/public_html/digitel/wp-content/uploads/2022/08/image-1-1.png) to a remote server (server_1).
10-08-2022 14:25:10 [afisic.wppsbootcamp.com][info] File successfully uploaded to remote server (server_1).
10-08-2022 14:25:10 [afisic.wppsbootcamp.com][info] Preparing to upload a file (/home/afisic/public_html/digitel/wp-content/uploads/2022/08/image-1-1-150x150.png) to a remote server (server_1).
10-08-2022 14:25:10 [afisic.wppsbootcamp.com][info] File successfully uploaded to remote server (server_1).
10-08-2022 14:25:10 [afisic.wppsbootcamp.com][info] Preparing to upload a file (/home/afisic/public_html/digitel/wp-content/uploads/2022/08/image-1-1-238x300.png) to a remote server (server_1).
10-08-2022 14:25:10 [afisic.wppsbootcamp.com][info] File successfully uploaded to remote server (server_1).
10-08-2022 14:25:11 [afisic.wppsbootcamp.com][debug] New queue created #10, attributes values: {&quot;server_id&quot;:null,&quot;object_id&quot;:&quot;135&quot;,&quot;object_name&quot;:&quot;&quot;,&quot;item_type&quot;:&quot;attachment&quot;,&quot;item_hash&quot;:null,&quot;item_hash_alternative&quot;:null,&quot;result_status&quot;:&quot;success&quot;,&quot;processing_level&quot;:&quot;normal&quot;,&quot;is_backed_up&quot;:true,&quot;original_size&quot;:239503,&quot;final_size&quot;:98236,&quot;original_mime_type&quot;:&quot;image\/png&quot;,&quot;final_mime_type&quot;:&quot;image\/png&quot;,&quot;extra_data&quot;:&quot;{\&quot;thumbnails_count\&quot;:2,\&quot;original_main_size\&quot;:145091,\&quot;class\&quot;:\&quot;RIO_Attachment_Extra_Data\&quot;}&quot;,&quot;created_at&quot;:1660141511}
10-08-2022 14:25:11 [afisic.wppsbootcamp.com][info] End bulk optimization process! Scope: media-library. Remain: 19
-------------------------------
10-08-2022 14:25:11 [afisic.wppsbootcamp.com][info] Start bulk optimization process! Scope: media-library
10-08-2022 14:25:11 [afisic.wppsbootcamp.com][info] Preparing to upload a file (/home/afisic/public_html/digitel/wp-content/uploads/2022/08/image-2-1.png) to a remote server (server_1).
10-08-2022 14:25:11 [afisic.wppsbootcamp.com][info] File successfully uploaded to remote server (server_1).
10-08-2022 14:25:11 [afisic.wppsbootcamp.com][info] Preparing to upload a file (/home/afisic/public_html/digitel/wp-content/uploads/2022/08/image-2-1-150x150.png) to a remote server (server_1).
10-08-2022 14:25:11 [afisic.wppsbootcamp.com][info] File successfully uploaded to remote server (server_1).
10-08-2022 14:25:11 [afisic.wppsbootcamp.com][info] Preparing to upload a file (/home/afisic/public_html/digitel/wp-content/uploads/2022/08/image-2-1-238x300.png) to a remote server (server_1).
10-08-2022 14:25:11 [afisic.wppsbootcamp.com][info] File successfully uploaded to remote server (server_1).
10-08-2022 14:25:11 [afisic.wppsbootcamp.com][debug] New queue created #11, attributes values: {&quot;server_id&quot;:null,&quot;object_id&quot;:&quot;136&quot;,&quot;object_name&quot;:&quot;&quot;,&quot;item_type&quot;:&quot;attachment&quot;,&quot;item_hash&quot;:null,&quot;item_hash_alternative&quot;:null,&quot;result_status&quot;:&quot;success&quot;,&quot;processing_level&quot;:&quot;normal&quot;,&quot;is_backed_up&quot;:true,&quot;original_size&quot;:239109,&quot;final_size&quot;:92398,&quot;original_mime_type&quot;:&quot;image\/png&quot;,&quot;final_mime_type&quot;:&quot;image\/png&quot;,&quot;extra_data&quot;:&quot;{\&quot;thumbnails_count\&quot;:2,\&quot;original_main_size\&quot;:145722,\&quot;class\&quot;:\&quot;RIO_Attachment_Extra_Data\&quot;}&quot;,&quot;created_at&quot;:1660141511}
10-08-2022 14:25:11 [afisic.wppsbootcamp.com][info] End bulk optimization process! Scope: media-library. Remain: 18
-------------------------------
10-08-2022 14:25:12 [afisic.wppsbootcamp.com][info] Start bulk optimization process! Scope: media-library
10-08-2022 14:25:12 [afisic.wppsbootcamp.com][info] Preparing to upload a file (/home/afisic/public_html/digitel/wp-content/uploads/2022/08/image-3.png) to a remote server (server_1).
10-08-2022 14:25:12 [afisic.wppsbootcamp.com][info] File successfully uploaded to remote server (server_1).
10-08-2022 14:25:12 [afisic.wppsbootcamp.com][info] Preparing to upload a file (/home/afisic/public_html/digitel/wp-content/uploads/2022/08/image-3-150x150.png) to a remote server (server_1).
10-08-2022 14:25:12 [afisic.wppsbootcamp.com][info] File successfully uploaded to remote server (server_1).
10-08-2022 14:25:12 [afisic.wppsbootcamp.com][info] Preparing to upload a file (/home/afisic/public_html/digitel/wp-content/uploads/2022/08/image-3-238x300.png) to a remote server (server_1).
10-08-2022 14:25:12 [afisic.wppsbootcamp.com][info] File successfully uploaded to remote server (server_1).
10-08-2022 14:25:12 [afisic.wppsbootcamp.com][debug] New queue created #12, attributes values: {&quot;server_id&quot;:null,&quot;object_id&quot;:&quot;137&quot;,&quot;object_name&quot;:&quot;&quot;,&quot;item_type&quot;:&quot;attachment&quot;,&quot;item_hash&quot;:null,&quot;item_hash_alternative&quot;:null,&quot;result_status&quot;:&quot;success&quot;,&quot;processing_level&quot;:&quot;normal&quot;,&quot;is_backed_up&quot;:true,&quot;original_size&quot;:230697,&quot;final_size&quot;:98493,&quot;original_mime_type&quot;:&quot;image\/png&quot;,&quot;final_mime_type&quot;:&quot;image\/png&quot;,&quot;extra_data&quot;:&quot;{\&quot;thumbnails_count\&quot;:2,\&quot;original_main_size\&quot;:138600,\&quot;class\&quot;:\&quot;RIO_Attachment_Extra_Data\&quot;}&quot;,&quot;created_at&quot;:1660141512}
10-08-2022 14:25:12 [afisic.wppsbootcamp.com][info] End bulk optimization process! Scope: media-library. Remain: 17
-------------------------------
10-08-2022 14:25:12 [afisic.wppsbootcamp.com][info] Start bulk optimization process! Scope: media-library
10-08-2022 14:25:12 [afisic.wppsbootcamp.com][info] Preparing to upload a file (/home/afisic/public_html/digitel/wp-content/uploads/2022/08/Low-Volume-sampler-image.png) to a remote server (server_1).
10-08-2022 14:25:13 [afisic.wppsbootcamp.com][info] File successfully uploaded to remote server (server_1).
10-08-2022 14:25:13 [afisic.wppsbootcamp.com][info] Preparing to upload a file (/home/afisic/public_html/digitel/wp-content/uploads/2022/08/Low-Volume-sampler-image-150x150.png) to a remote server (server_1).
10-08-2022 14:25:13 [afisic.wppsbootcamp.com][info] File successfully uploaded to remote server (server_1).
10-08-2022 14:25:13 [afisic.wppsbootcamp.com][info] Preparing to upload a file (/home/afisic/public_html/digitel/wp-content/uploads/2022/08/Low-Volume-sampler-image-282x300.png) to a remote server (server_1).
10-08-2022 14:25:13 [afisic.wppsbootcamp.com][info] File successfully uploaded to remote server (server_1).
10-08-2022 14:25:13 [afisic.wppsbootcamp.com][debug] New queue created #13, attributes values: {&quot;server_id&quot;:null,&quot;object_id&quot;:&quot;138&quot;,&quot;object_name&quot;:&quot;&quot;,&quot;item_type&quot;:&quot;attachment&quot;,&quot;item_hash&quot;:null,&quot;item_hash_alternative&quot;:null,&quot;result_status&quot;:&quot;success&quot;,&quot;processing_level&quot;:&quot;normal&quot;,&quot;is_backed_up&quot;:true,&quot;original_size&quot;:321883,&quot;final_size&quot;:124845,&quot;original_mime_type&quot;:&quot;image\/png&quot;,&quot;final_mime_type&quot;:&quot;image\/png&quot;,&quot;extra_data&quot;:&quot;{\&quot;thumbnails_count\&quot;:2,\&quot;original_main_size\&quot;:212855,\&quot;class\&quot;:\&quot;RIO_Attachment_Extra_Data\&quot;}&quot;,&quot;created_at&quot;:1660141513}
10-08-2022 14:25:13 [afisic.wppsbootcamp.com][info] End bulk optimization process! Scope: media-library. Remain: 16
-------------------------------
10-08-2022 14:25:15 [afisic.wppsbootcamp.com][info] Start bulk optimization process! Scope: media-library
10-08-2022 14:25:15 [afisic.wppsbootcamp.com][info] Preparing to upload a file (/home/afisic/public_html/digitel/wp-content/uploads/2022/08/Wet-Only-Sampler-image.png) to a remote server (server_1).
10-08-2022 14:25:15 [afisic.wppsbootcamp.com][info] File successfully uploaded to remote server (server_1).
10-08-2022 14:25:15 [afisic.wppsbootcamp.com][info] Preparing to upload a file (/home/afisic/public_html/digitel/wp-content/uploads/2022/08/Wet-Only-Sampler-image-150x150.png) to a remote server (server_1).
10-08-2022 14:25:15 [afisic.wppsbootcamp.com][info] File successfully uploaded to remote server (server_1).
10-08-2022 14:25:15 [afisic.wppsbootcamp.com][info] Preparing to upload a file (/home/afisic/public_html/digitel/wp-content/uploads/2022/08/Wet-Only-Sampler-image-282x300.png) to a remote server (server_1).
10-08-2022 14:25:15 [afisic.wppsbootcamp.com][info] File successfully uploaded to remote server (server_1).
10-08-2022 14:25:15 [afisic.wppsbootcamp.com][debug] New queue created #14, attributes values: {&quot;server_id&quot;:null,&quot;object_id&quot;:&quot;139&quot;,&quot;object_name&quot;:&quot;&quot;,&quot;item_type&quot;:&quot;attachment&quot;,&quot;item_hash&quot;:null,&quot;item_hash_alternative&quot;:null,&quot;result_status&quot;:&quot;success&quot;,&quot;processing_level&quot;:&quot;normal&quot;,&quot;is_backed_up&quot;:true,&quot;original_size&quot;:272088,&quot;final_size&quot;:130285,&quot;original_mime_type&quot;:&quot;image\/png&quot;,&quot;final_mime_type&quot;:&quot;image\/png&quot;,&quot;extra_data&quot;:&quot;{\&quot;thumbnails_count\&quot;:2,\&quot;original_main_size\&quot;:178424,\&quot;class\&quot;:\&quot;RIO_Attachment_Extra_Data\&quot;}&quot;,&quot;created_at&quot;:1660141515}
10-08-2022 14:25:15 [afisic.wppsbootcamp.com][info] End bulk optimization process! Scope: media-library. Remain: 15
-------------------------------
10-08-2022 14:25:16 [afisic.wppsbootcamp.com][info] Start bulk optimization process! Scope: media-library
10-08-2022 14:25:16 [afisic.wppsbootcamp.com][info] Preparing to upload a file (/home/afisic/public_html/digitel/wp-content/uploads/2022/08/Colors.png) to a remote server (server_1).
10-08-2022 14:25:16 [afisic.wppsbootcamp.com][info] File successfully uploaded to remote server (server_1).
10-08-2022 14:25:16 [afisic.wppsbootcamp.com][info] Preparing to upload a file (/home/afisic/public_html/digitel/wp-content/uploads/2022/08/Colors-150x150.png) to a remote server (server_1).
10-08-2022 14:25:16 [afisic.wppsbootcamp.com][info] File successfully uploaded to remote server (server_1).
10-08-2022 14:25:16 [afisic.wppsbootcamp.com][info] Preparing to upload a file (/home/afisic/public_html/digitel/wp-content/uploads/2022/08/Colors-300x270.png) to a remote server (server_1).
10-08-2022 14:25:16 [afisic.wppsbootcamp.com][info] File successfully uploaded to remote server (server_1).
10-08-2022 14:25:16 [afisic.wppsbootcamp.com][debug] New queue created #15, attributes values: {&quot;server_id&quot;:null,&quot;object_id&quot;:&quot;180&quot;,&quot;object_name&quot;:&quot;&quot;,&quot;item_type&quot;:&quot;attachment&quot;,&quot;item_hash&quot;:null,&quot;item_hash_alternative&quot;:null,&quot;result_status&quot;:&quot;success&quot;,&quot;processing_level&quot;:&quot;normal&quot;,&quot;is_backed_up&quot;:true,&quot;original_size&quot;:50564,&quot;final_size&quot;:16702,&quot;original_mime_type&quot;:&quot;image\/png&quot;,&quot;final_mime_type&quot;:&quot;image\/png&quot;,&quot;extra_data&quot;:&quot;{\&quot;thumbnails_count\&quot;:2,\&quot;original_main_size\&quot;:30867,\&quot;class\&quot;:\&quot;RIO_Attachment_Extra_Data\&quot;}&quot;,&quot;created_at&quot;:1660141516}
10-08-2022 14:25:16 [afisic.wppsbootcamp.com][info] End bulk optimization process! Scope: media-library. Remain: 14
-------------------------------
10-08-2022 14:25:16 [afisic.wppsbootcamp.com][info] Start bulk optimization process! Scope: media-library
10-08-2022 14:25:16 [afisic.wppsbootcamp.com][info] Preparing to upload a file (/home/afisic/public_html/digitel/wp-content/uploads/2022/08/logo-1.png) to a remote server (server_1).
10-08-2022 14:25:16 [afisic.wppsbootcamp.com][info] File successfully uploaded to remote server (server_1).
10-08-2022 14:25:16 [afisic.wppsbootcamp.com][info] Preparing to upload a file (/home/afisic/public_html/digitel/wp-content/uploads/2022/08/logo-1-150x106.png) to a remote server (server_1).
10-08-2022 14:25:16 [afisic.wppsbootcamp.com][info] File successfully uploaded to remote server (server_1).
10-08-2022 14:25:16 [afisic.wppsbootcamp.com][debug] New queue created #16, attributes values: {&quot;server_id&quot;:null,&quot;object_id&quot;:&quot;181&quot;,&quot;object_name&quot;:&quot;&quot;,&quot;item_type&quot;:&quot;attachment&quot;,&quot;item_hash&quot;:null,&quot;item_hash_alternative&quot;:null,&quot;result_status&quot;:&quot;success&quot;,&quot;processing_level&quot;:&quot;normal&quot;,&quot;is_backed_up&quot;:true,&quot;original_size&quot;:5081,&quot;final_size&quot;:3723,&quot;original_mime_type&quot;:&quot;image\/png&quot;,&quot;final_mime_type&quot;:&quot;image\/png&quot;,&quot;extra_data&quot;:&quot;{\&quot;thumbnails_count\&quot;:1,\&quot;original_main_size\&quot;:2283,\&quot;class\&quot;:\&quot;RIO_Attachment_Extra_Data\&quot;}&quot;,&quot;created_at&quot;:1660141516}
10-08-2022 14:25:16 [afisic.wppsbootcamp.com][info] End bulk optimization process! Scope: media-library. Remain: 13
-------------------------------
10-08-2022 14:25:17 [afisic.wppsbootcamp.com][info] Start bulk optimization process! Scope: media-library
10-08-2022 14:25:17 [afisic.wppsbootcamp.com][info] Preparing to upload a file (/home/afisic/public_html/digitel/wp-content/uploads/2022/08/Typography.png) to a remote server (server_1).
10-08-2022 14:25:17 [afisic.wppsbootcamp.com][info] File successfully uploaded to remote server (server_1).
10-08-2022 14:25:17 [afisic.wppsbootcamp.com][info] Preparing to upload a file (/home/afisic/public_html/digitel/wp-content/uploads/2022/08/Typography-150x150.png) to a remote server (server_1).
10-08-2022 14:25:17 [afisic.wppsbootcamp.com][info] File successfully uploaded to remote server (server_1).
10-08-2022 14:25:17 [afisic.wppsbootcamp.com][info] Preparing to upload a file (/home/afisic/public_html/digitel/wp-content/uploads/2022/08/Typography-257x300.png) to a remote server (server_1).
10-08-2022 14:25:17 [afisic.wppsbootcamp.com][info] File successfully uploaded to remote server (server_1).
10-08-2022 14:25:17 [afisic.wppsbootcamp.com][debug] New queue created #17, attributes values: {&quot;server_id&quot;:null,&quot;object_id&quot;:&quot;182&quot;,&quot;object_name&quot;:&quot;&quot;,&quot;item_type&quot;:&quot;attachment&quot;,&quot;item_hash&quot;:null,&quot;item_hash_alternative&quot;:null,&quot;result_status&quot;:&quot;success&quot;,&quot;processing_level&quot;:&quot;normal&quot;,&quot;is_backed_up&quot;:true,&quot;original_size&quot;:75327,&quot;final_size&quot;:23778,&quot;original_mime_type&quot;:&quot;image\/png&quot;,&quot;final_mime_type&quot;:&quot;image\/png&quot;,&quot;extra_data&quot;:&quot;{\&quot;thumbnails_count\&quot;:2,\&quot;original_main_size\&quot;:50231,\&quot;class\&quot;:\&quot;RIO_Attachment_Extra_Data\&quot;}&quot;,&quot;created_at&quot;:1660141517}
10-08-2022 14:25:17 [afisic.wppsbootcamp.com][info] End bulk optimization process! Scope: media-library. Remain: 12
-------------------------------
10-08-2022 14:25:17 [afisic.wppsbootcamp.com][info] Start bulk optimization process! Scope: media-library
10-08-2022 14:25:17 [afisic.wppsbootcamp.com][info] Preparing to upload a file (/home/afisic/public_html/digitel/wp-content/uploads/2022/08/john-doe.jpg) to a remote server (server_1).
10-08-2022 14:25:18 [afisic.wppsbootcamp.com][info] File successfully uploaded to remote server (server_1).
10-08-2022 14:25:18 [afisic.wppsbootcamp.com][info] Preparing to upload a file (/home/afisic/public_html/digitel/wp-content/uploads/2022/08/john-doe-150x150.jpg) to a remote server (server_1).
10-08-2022 14:25:18 [afisic.wppsbootcamp.com][info] File successfully uploaded to remote server (server_1).
10-08-2022 14:25:18 [afisic.wppsbootcamp.com][info] Preparing to upload a file (/home/afisic/public_html/digitel/wp-content/uploads/2022/08/john-doe-300x300.jpg) to a remote server (server_1).
10-08-2022 14:25:18 [afisic.wppsbootcamp.com][info] File successfully uploaded to remote server (server_1).
10-08-2022 14:25:18 [afisic.wppsbootcamp.com][debug] New queue created #18, attributes values: {&quot;server_id&quot;:null,&quot;object_id&quot;:&quot;183&quot;,&quot;object_name&quot;:&quot;&quot;,&quot;item_type&quot;:&quot;attachment&quot;,&quot;item_hash&quot;:null,&quot;item_hash_alternative&quot;:null,&quot;result_status&quot;:&quot;success&quot;,&quot;processing_level&quot;:&quot;normal&quot;,&quot;is_backed_up&quot;:true,&quot;original_size&quot;:49324,&quot;final_size&quot;:37981,&quot;original_mime_type&quot;:&quot;image\/jpeg&quot;,&quot;final_mime_type&quot;:&quot;image\/jpeg&quot;,&quot;extra_data&quot;:&quot;{\&quot;thumbnails_count\&quot;:2,\&quot;original_main_size\&quot;:33065,\&quot;class\&quot;:\&quot;RIO_Attachment_Extra_Data\&quot;}&quot;,&quot;created_at&quot;:1660141518}
10-08-2022 14:25:18 [afisic.wppsbootcamp.com][info] End bulk optimization process! Scope: media-library. Remain: 11
-------------------------------
10-08-2022 14:25:18 [afisic.wppsbootcamp.com][info] Start bulk optimization process! Scope: media-library
10-08-2022 14:25:18 [afisic.wppsbootcamp.com][info] Preparing to upload a file (/home/afisic/public_html/digitel/wp-content/uploads/2022/08/speaker-1-v2.jpg) to a remote server (server_1).
10-08-2022 14:25:18 [afisic.wppsbootcamp.com][info] File successfully uploaded to remote server (server_1).
10-08-2022 14:25:18 [afisic.wppsbootcamp.com][info] Preparing to upload a file (/home/afisic/public_html/digitel/wp-content/uploads/2022/08/speaker-1-v2-150x150.jpg) to a remote server (server_1).
10-08-2022 14:25:18 [afisic.wppsbootcamp.com][info] File successfully uploaded to remote server (server_1).
10-08-2022 14:25:18 [afisic.wppsbootcamp.com][info] Preparing to upload a file (/home/afisic/public_html/digitel/wp-content/uploads/2022/08/speaker-1-v2-300x300.jpg) to a remote server (server_1).
10-08-2022 14:25:18 [afisic.wppsbootcamp.com][info] File successfully uploaded to remote server (server_1).
10-08-2022 14:25:18 [afisic.wppsbootcamp.com][debug] New queue created #19, attributes values: {&quot;server_id&quot;:null,&quot;object_id&quot;:&quot;184&quot;,&quot;object_name&quot;:&quot;&quot;,&quot;item_type&quot;:&quot;attachment&quot;,&quot;item_hash&quot;:null,&quot;item_hash_alternative&quot;:null,&quot;result_status&quot;:&quot;success&quot;,&quot;processing_level&quot;:&quot;normal&quot;,&quot;is_backed_up&quot;:true,&quot;original_size&quot;:60342,&quot;final_size&quot;:60342,&quot;original_mime_type&quot;:&quot;image\/jpeg&quot;,&quot;final_mime_type&quot;:&quot;image\/jpeg&quot;,&quot;extra_data&quot;:&quot;{\&quot;thumbnails_count\&quot;:2,\&quot;original_main_size\&quot;:45777,\&quot;class\&quot;:\&quot;RIO_Attachment_Extra_Data\&quot;}&quot;,&quot;created_at&quot;:1660141518}
10-08-2022 14:25:18 [afisic.wppsbootcamp.com][info] End bulk optimization process! Scope: media-library. Remain: 10
-------------------------------
10-08-2022 14:25:18 [afisic.wppsbootcamp.com][info] Start bulk optimization process! Scope: media-library
10-08-2022 14:25:18 [afisic.wppsbootcamp.com][info] Preparing to upload a file (/home/afisic/public_html/digitel/wp-content/uploads/2022/08/team-1.jpg) to a remote server (server_1).
10-08-2022 14:25:19 [afisic.wppsbootcamp.com][info] File successfully uploaded to remote server (server_1).
10-08-2022 14:25:19 [afisic.wppsbootcamp.com][info] Preparing to upload a file (/home/afisic/public_html/digitel/wp-content/uploads/2022/08/team-1-150x150.jpg) to a remote server (server_1).
10-08-2022 14:25:19 [afisic.wppsbootcamp.com][info] File successfully uploaded to remote server (server_1).
10-08-2022 14:25:19 [afisic.wppsbootcamp.com][info] Preparing to upload a file (/home/afisic/public_html/digitel/wp-content/uploads/2022/08/team-1-300x300.jpg) to a remote server (server_1).
10-08-2022 14:25:19 [afisic.wppsbootcamp.com][info] File successfully uploaded to remote server (server_1).
10-08-2022 14:25:19 [afisic.wppsbootcamp.com][debug] New queue created #20, attributes values: {&quot;server_id&quot;:null,&quot;object_id&quot;:&quot;185&quot;,&quot;object_name&quot;:&quot;&quot;,&quot;item_type&quot;:&quot;attachment&quot;,&quot;item_hash&quot;:null,&quot;item_hash_alternative&quot;:null,&quot;result_status&quot;:&quot;success&quot;,&quot;processing_level&quot;:&quot;normal&quot;,&quot;is_backed_up&quot;:true,&quot;original_size&quot;:46159,&quot;final_size&quot;:46159,&quot;original_mime_type&quot;:&quot;image\/jpeg&quot;,&quot;final_mime_type&quot;:&quot;image\/jpeg&quot;,&quot;extra_data&quot;:&quot;{\&quot;thumbnails_count\&quot;:2,\&quot;original_main_size\&quot;:33143,\&quot;class\&quot;:\&quot;RIO_Attachment_Extra_Data\&quot;}&quot;,&quot;created_at&quot;:1660141519}
10-08-2022 14:25:19 [afisic.wppsbootcamp.com][info] End bulk optimization process! Scope: media-library. Remain: 9
-------------------------------
10-08-2022 14:25:19 [afisic.wppsbootcamp.com][info] Start bulk optimization process! Scope: media-library
10-08-2022 14:25:19 [afisic.wppsbootcamp.com][info] Preparing to upload a file (/home/afisic/public_html/digitel/wp-content/uploads/2022/08/workers-image.png) to a remote server (server_1).
10-08-2022 14:25:20 [afisic.wppsbootcamp.com][info] File successfully uploaded to remote server (server_1).
10-08-2022 14:25:20 [afisic.wppsbootcamp.com][info] Preparing to upload a file (/home/afisic/public_html/digitel/wp-content/uploads/2022/08/workers-image-150x150.png) to a remote server (server_1).
10-08-2022 14:25:20 [afisic.wppsbootcamp.com][info] File successfully uploaded to remote server (server_1).
10-08-2022 14:25:20 [afisic.wppsbootcamp.com][info] Preparing to upload a file (/home/afisic/public_html/digitel/wp-content/uploads/2022/08/workers-image-300x190.png) to a remote server (server_1).
10-08-2022 14:25:21 [afisic.wppsbootcamp.com][info] File successfully uploaded to remote server (server_1).
10-08-2022 14:25:21 [afisic.wppsbootcamp.com][debug] New queue created #21, attributes values: {&quot;server_id&quot;:null,&quot;object_id&quot;:&quot;186&quot;,&quot;object_name&quot;:&quot;&quot;,&quot;item_type&quot;:&quot;attachment&quot;,&quot;item_hash&quot;:null,&quot;item_hash_alternative&quot;:null,&quot;result_status&quot;:&quot;success&quot;,&quot;processing_level&quot;:&quot;normal&quot;,&quot;is_backed_up&quot;:true,&quot;original_size&quot;:929011,&quot;final_size&quot;:256730,&quot;original_mime_type&quot;:&quot;image\/png&quot;,&quot;final_mime_type&quot;:&quot;image\/png&quot;,&quot;extra_data&quot;:&quot;{\&quot;thumbnails_count\&quot;:2,\&quot;original_main_size\&quot;:745085,\&quot;class\&quot;:\&quot;RIO_Attachment_Extra_Data\&quot;}&quot;,&quot;created_at&quot;:1660141521}
10-08-2022 14:25:21 [afisic.wppsbootcamp.com][info] End bulk optimization process! Scope: media-library. Remain: 8
-------------------------------
10-08-2022 14:25:21 [afisic.wppsbootcamp.com][info] Start bulk optimization process! Scope: media-library
10-08-2022 14:25:21 [afisic.wppsbootcamp.com][info] Preparing to upload a file (/home/afisic/public_html/digitel/wp-content/uploads/2022/08/background-image.png) to a remote server (server_1).
10-08-2022 14:25:22 [afisic.wppsbootcamp.com][info] File successfully uploaded to remote server (server_1).
10-08-2022 14:25:22 [afisic.wppsbootcamp.com][info] Preparing to upload a file (/home/afisic/public_html/digitel/wp-content/uploads/2022/08/background-image-150x150.png) to a remote server (server_1).
10-08-2022 14:25:22 [afisic.wppsbootcamp.com][info] File successfully uploaded to remote server (server_1).
10-08-2022 14:25:22 [afisic.wppsbootcamp.com][info] Preparing to upload a file (/home/afisic/public_html/digitel/wp-content/uploads/2022/08/background-image-300x77.png) to a remote server (server_1).
10-08-2022 14:25:23 [afisic.wppsbootcamp.com][info] File successfully uploaded to remote server (server_1).
10-08-2022 14:25:23 [afisic.wppsbootcamp.com][debug] New queue created #22, attributes values: {&quot;server_id&quot;:null,&quot;object_id&quot;:&quot;250&quot;,&quot;object_name&quot;:&quot;&quot;,&quot;item_type&quot;:&quot;attachment&quot;,&quot;item_hash&quot;:null,&quot;item_hash_alternative&quot;:null,&quot;result_status&quot;:&quot;success&quot;,&quot;processing_level&quot;:&quot;normal&quot;,&quot;is_backed_up&quot;:true,&quot;original_size&quot;:548218,&quot;final_size&quot;:378654,&quot;original_mime_type&quot;:&quot;image\/png&quot;,&quot;final_mime_type&quot;:&quot;image\/png&quot;,&quot;extra_data&quot;:&quot;{\&quot;thumbnails_count\&quot;:2,\&quot;original_main_size\&quot;:455571,\&quot;class\&quot;:\&quot;RIO_Attachment_Extra_Data\&quot;}&quot;,&quot;created_at&quot;:1660141523}
10-08-2022 14:25:23 [afisic.wppsbootcamp.com][info] End bulk optimization process! Scope: media-library. Remain: 7
-------------------------------
10-08-2022 14:25:23 [afisic.wppsbootcamp.com][info] Start bulk optimization process! Scope: media-library
10-08-2022 14:25:23 [afisic.wppsbootcamp.com][info] Preparing to upload a file (/home/afisic/public_html/digitel/wp-content/uploads/2022/08/Barbara.png) to a remote server (server_1).
10-08-2022 14:25:23 [afisic.wppsbootcamp.com][info] File successfully uploaded to remote server (server_1).
10-08-2022 14:25:23 [afisic.wppsbootcamp.com][info] Preparing to upload a file (/home/afisic/public_html/digitel/wp-content/uploads/2022/08/Barbara-150x150.png) to a remote server (server_1).
10-08-2022 14:25:23 [afisic.wppsbootcamp.com][info] File successfully uploaded to remote server (server_1).
10-08-2022 14:25:23 [afisic.wppsbootcamp.com][info] Preparing to upload a file (/home/afisic/public_html/digitel/wp-content/uploads/2022/08/Barbara-223x300.png) to a remote server (server_1).
10-08-2022 14:25:24 [afisic.wppsbootcamp.com][info] File successfully uploaded to remote server (server_1).
10-08-2022 14:25:24 [afisic.wppsbootcamp.com][debug] New queue created #23, attributes values: {&quot;server_id&quot;:null,&quot;object_id&quot;:&quot;251&quot;,&quot;object_name&quot;:&quot;&quot;,&quot;item_type&quot;:&quot;attachment&quot;,&quot;item_hash&quot;:null,&quot;item_hash_alternative&quot;:null,&quot;result_status&quot;:&quot;success&quot;,&quot;processing_level&quot;:&quot;normal&quot;,&quot;is_backed_up&quot;:true,&quot;original_size&quot;:294295,&quot;final_size&quot;:89196,&quot;original_mime_type&quot;:&quot;image\/png&quot;,&quot;final_mime_type&quot;:&quot;image\/png&quot;,&quot;extra_data&quot;:&quot;{\&quot;thumbnails_count\&quot;:2,\&quot;original_main_size\&quot;:147636,\&quot;class\&quot;:\&quot;RIO_Attachment_Extra_Data\&quot;}&quot;,&quot;created_at&quot;:1660141524}
10-08-2022 14:25:24 [afisic.wppsbootcamp.com][info] End bulk optimization process! Scope: media-library. Remain: 6
-------------------------------
10-08-2022 14:25:24 [afisic.wppsbootcamp.com][info] Start bulk optimization process! Scope: media-library
10-08-2022 14:25:24 [afisic.wppsbootcamp.com][info] Preparing to upload a file (/home/afisic/public_html/digitel/wp-content/uploads/2022/08/Jenny.png) to a remote server (server_1).
10-08-2022 14:25:24 [afisic.wppsbootcamp.com][info] File successfully uploaded to remote server (server_1).
10-08-2022 14:25:24 [afisic.wppsbootcamp.com][info] Preparing to upload a file (/home/afisic/public_html/digitel/wp-content/uploads/2022/08/Jenny-150x150.png) to a remote server (server_1).
10-08-2022 14:25:24 [afisic.wppsbootcamp.com][info] File successfully uploaded to remote server (server_1).
10-08-2022 14:25:24 [afisic.wppsbootcamp.com][info] Preparing to upload a file (/home/afisic/public_html/digitel/wp-content/uploads/2022/08/Jenny-223x300.png) to a remote server (server_1).
10-08-2022 14:25:24 [afisic.wppsbootcamp.com][info] File successfully uploaded to remote server (server_1).
10-08-2022 14:25:25 [afisic.wppsbootcamp.com][debug] New queue created #24, attributes values: {&quot;server_id&quot;:null,&quot;object_id&quot;:&quot;252&quot;,&quot;object_name&quot;:&quot;&quot;,&quot;item_type&quot;:&quot;attachment&quot;,&quot;item_hash&quot;:null,&quot;item_hash_alternative&quot;:null,&quot;result_status&quot;:&quot;success&quot;,&quot;processing_level&quot;:&quot;normal&quot;,&quot;is_backed_up&quot;:true,&quot;original_size&quot;:253754,&quot;final_size&quot;:87992,&quot;original_mime_type&quot;:&quot;image\/png&quot;,&quot;final_mime_type&quot;:&quot;image\/png&quot;,&quot;extra_data&quot;:&quot;{\&quot;thumbnails_count\&quot;:2,\&quot;original_main_size\&quot;:126835,\&quot;class\&quot;:\&quot;RIO_Attachment_Extra_Data\&quot;}&quot;,&quot;created_at&quot;:1660141525}
10-08-2022 14:25:25 [afisic.wppsbootcamp.com][info] End bulk optimization process! Scope: media-library. Remain: 5
-------------------------------
10-08-2022 14:25:25 [afisic.wppsbootcamp.com][info] Start bulk optimization process! Scope: media-library
10-08-2022 14:25:25 [afisic.wppsbootcamp.com][info] Preparing to upload a file (/home/afisic/public_html/digitel/wp-content/uploads/2022/08/John.png) to a remote server (server_1).
10-08-2022 14:25:25 [afisic.wppsbootcamp.com][info] File successfully uploaded to remote server (server_1).
10-08-2022 14:25:25 [afisic.wppsbootcamp.com][info] Preparing to upload a file (/home/afisic/public_html/digitel/wp-content/uploads/2022/08/John-150x150.png) to a remote server (server_1).
10-08-2022 14:25:25 [afisic.wppsbootcamp.com][info] File successfully uploaded to remote server (server_1).
10-08-2022 14:25:25 [afisic.wppsbootcamp.com][info] Preparing to upload a file (/home/afisic/public_html/digitel/wp-content/uploads/2022/08/John-223x300.png) to a remote server (server_1).
10-08-2022 14:25:25 [afisic.wppsbootcamp.com][info] File successfully uploaded to remote server (server_1).
10-08-2022 14:25:26 [afisic.wppsbootcamp.com][debug] New queue created #25, attributes values: {&quot;server_id&quot;:null,&quot;object_id&quot;:&quot;253&quot;,&quot;object_name&quot;:&quot;&quot;,&quot;item_type&quot;:&quot;attachment&quot;,&quot;item_hash&quot;:null,&quot;item_hash_alternative&quot;:null,&quot;result_status&quot;:&quot;success&quot;,&quot;processing_level&quot;:&quot;normal&quot;,&quot;is_backed_up&quot;:true,&quot;original_size&quot;:277509,&quot;final_size&quot;:86669,&quot;original_mime_type&quot;:&quot;image\/png&quot;,&quot;final_mime_type&quot;:&quot;image\/png&quot;,&quot;extra_data&quot;:&quot;{\&quot;thumbnails_count\&quot;:2,\&quot;original_main_size\&quot;:138776,\&quot;class\&quot;:\&quot;RIO_Attachment_Extra_Data\&quot;}&quot;,&quot;created_at&quot;:1660141526}
10-08-2022 14:25:26 [afisic.wppsbootcamp.com][info] End bulk optimization process! Scope: media-library. Remain: 4
-------------------------------
10-08-2022 14:25:26 [afisic.wppsbootcamp.com][info] Start bulk optimization process! Scope: media-library
10-08-2022 14:25:26 [afisic.wppsbootcamp.com][info] Preparing to upload a file (/home/afisic/public_html/digitel/wp-content/uploads/2022/08/Regula.png) to a remote server (server_1).
10-08-2022 14:25:26 [afisic.wppsbootcamp.com][info] File successfully uploaded to remote server (server_1).
10-08-2022 14:25:26 [afisic.wppsbootcamp.com][info] Preparing to upload a file (/home/afisic/public_html/digitel/wp-content/uploads/2022/08/Regula-150x150.png) to a remote server (server_1).
10-08-2022 14:25:26 [afisic.wppsbootcamp.com][info] File successfully uploaded to remote server (server_1).
10-08-2022 14:25:26 [afisic.wppsbootcamp.com][info] Preparing to upload a file (/home/afisic/public_html/digitel/wp-content/uploads/2022/08/Regula-223x300.png) to a remote server (server_1).
10-08-2022 14:25:26 [afisic.wppsbootcamp.com][info] File successfully uploaded to remote server (server_1).
10-08-2022 14:25:27 [afisic.wppsbootcamp.com][debug] New queue created #26, attributes values: {&quot;server_id&quot;:null,&quot;object_id&quot;:&quot;254&quot;,&quot;object_name&quot;:&quot;&quot;,&quot;item_type&quot;:&quot;attachment&quot;,&quot;item_hash&quot;:null,&quot;item_hash_alternative&quot;:null,&quot;result_status&quot;:&quot;success&quot;,&quot;processing_level&quot;:&quot;normal&quot;,&quot;is_backed_up&quot;:true,&quot;original_size&quot;:263653,&quot;final_size&quot;:85539,&quot;original_mime_type&quot;:&quot;image\/png&quot;,&quot;final_mime_type&quot;:&quot;image\/png&quot;,&quot;extra_data&quot;:&quot;{\&quot;thumbnails_count\&quot;:2,\&quot;original_main_size\&quot;:130912,\&quot;class\&quot;:\&quot;RIO_Attachment_Extra_Data\&quot;}&quot;,&quot;created_at&quot;:1660141527}
10-08-2022 14:25:27 [afisic.wppsbootcamp.com][info] End bulk optimization process! Scope: media-library. Remain: 3
-------------------------------
10-08-2022 14:25:27 [afisic.wppsbootcamp.com][info] Start bulk optimization process! Scope: media-library
10-08-2022 14:25:27 [afisic.wppsbootcamp.com][info] Preparing to upload a file (/home/afisic/public_html/digitel/wp-content/uploads/2022/08/Switzerland-background-box.png) to a remote server (server_1).
10-08-2022 14:25:27 [afisic.wppsbootcamp.com][info] File successfully uploaded to remote server (server_1).
10-08-2022 14:25:27 [afisic.wppsbootcamp.com][info] Preparing to upload a file (/home/afisic/public_html/digitel/wp-content/uploads/2022/08/Switzerland-background-box-150x150.png) to a remote server (server_1).
10-08-2022 14:25:27 [afisic.wppsbootcamp.com][info] File successfully uploaded to remote server (server_1).
10-08-2022 14:25:27 [afisic.wppsbootcamp.com][info] Preparing to upload a file (/home/afisic/public_html/digitel/wp-content/uploads/2022/08/Switzerland-background-box-300x204.png) to a remote server (server_1).
10-08-2022 14:25:27 [afisic.wppsbootcamp.com][info] File successfully uploaded to remote server (server_1).
10-08-2022 14:25:27 [afisic.wppsbootcamp.com][debug] New queue created #27, attributes values: {&quot;server_id&quot;:null,&quot;object_id&quot;:&quot;261&quot;,&quot;object_name&quot;:&quot;&quot;,&quot;item_type&quot;:&quot;attachment&quot;,&quot;item_hash&quot;:null,&quot;item_hash_alternative&quot;:null,&quot;result_status&quot;:&quot;success&quot;,&quot;processing_level&quot;:&quot;normal&quot;,&quot;is_backed_up&quot;:true,&quot;original_size&quot;:195118,&quot;final_size&quot;:123557,&quot;original_mime_type&quot;:&quot;image\/png&quot;,&quot;final_mime_type&quot;:&quot;image\/png&quot;,&quot;extra_data&quot;:&quot;{\&quot;thumbnails_count\&quot;:2,\&quot;original_main_size\&quot;:154883,\&quot;class\&quot;:\&quot;RIO_Attachment_Extra_Data\&quot;}&quot;,&quot;created_at&quot;:1660141527}
10-08-2022 14:25:27 [afisic.wppsbootcamp.com][info] End bulk optimization process! Scope: media-library. Remain: 2
-------------------------------
10-08-2022 14:25:27 [afisic.wppsbootcamp.com][info] Start bulk optimization process! Scope: media-library
10-08-2022 14:25:27 [afisic.wppsbootcamp.com][info] Preparing to upload a file (/home/afisic/public_html/digitel/wp-content/uploads/2022/08/Austria-background-box.png) to a remote server (server_1).
10-08-2022 14:25:28 [afisic.wppsbootcamp.com][info] File successfully uploaded to remote server (server_1).
10-08-2022 14:25:28 [afisic.wppsbootcamp.com][info] Preparing to upload a file (/home/afisic/public_html/digitel/wp-content/uploads/2022/08/Austria-background-box-150x150.png) to a remote server (server_1).
10-08-2022 14:25:28 [afisic.wppsbootcamp.com][info] File successfully uploaded to remote server (server_1).
10-08-2022 14:25:28 [afisic.wppsbootcamp.com][info] Preparing to upload a file (/home/afisic/public_html/digitel/wp-content/uploads/2022/08/Austria-background-box-300x204.png) to a remote server (server_1).
10-08-2022 14:25:28 [afisic.wppsbootcamp.com][info] File successfully uploaded to remote server (server_1).
10-08-2022 14:25:28 [afisic.wppsbootcamp.com][debug] New queue created #28, attributes values: {&quot;server_id&quot;:null,&quot;object_id&quot;:&quot;271&quot;,&quot;object_name&quot;:&quot;&quot;,&quot;item_type&quot;:&quot;attachment&quot;,&quot;item_hash&quot;:null,&quot;item_hash_alternative&quot;:null,&quot;result_status&quot;:&quot;success&quot;,&quot;processing_level&quot;:&quot;normal&quot;,&quot;is_backed_up&quot;:true,&quot;original_size&quot;:203963,&quot;final_size&quot;:131671,&quot;original_mime_type&quot;:&quot;image\/png&quot;,&quot;final_mime_type&quot;:&quot;image\/png&quot;,&quot;extra_data&quot;:&quot;{\&quot;thumbnails_count\&quot;:2,\&quot;original_main_size\&quot;:157389,\&quot;class\&quot;:\&quot;RIO_Attachment_Extra_Data\&quot;}&quot;,&quot;created_at&quot;:1660141528}
10-08-2022 14:25:28 [afisic.wppsbootcamp.com][info] End bulk optimization process! Scope: media-library. Remain: 1
-------------------------------
10-08-2022 14:25:28 [afisic.wppsbootcamp.com][info] Start bulk optimization process! Scope: media-library
10-08-2022 14:25:28 [afisic.wppsbootcamp.com][info] Preparing to upload a file (/home/afisic/public_html/digitel/wp-content/uploads/2022/08/photo_2022-08-09_00-01-22-removebg-preview.png) to a remote server (server_1).
10-08-2022 14:25:28 [afisic.wppsbootcamp.com][info] File successfully uploaded to remote server (server_1).
10-08-2022 14:25:29 [afisic.wppsbootcamp.com][debug] New queue created #29, attributes values: {&quot;server_id&quot;:null,&quot;object_id&quot;:&quot;820&quot;,&quot;object_name&quot;:&quot;&quot;,&quot;item_type&quot;:&quot;attachment&quot;,&quot;item_hash&quot;:null,&quot;item_hash_alternative&quot;:null,&quot;result_status&quot;:&quot;success&quot;,&quot;processing_level&quot;:&quot;normal&quot;,&quot;is_backed_up&quot;:true,&quot;original_size&quot;:8241,&quot;final_size&quot;:3875,&quot;original_mime_type&quot;:&quot;image\/png&quot;,&quot;final_mime_type&quot;:&quot;image\/png&quot;,&quot;extra_data&quot;:&quot;{\&quot;thumbnails_count\&quot;:0,\&quot;original_main_size\&quot;:8241,\&quot;class\&quot;:\&quot;RIO_Attachment_Extra_Data\&quot;}&quot;,&quot;created_at&quot;:1660141529}
10-08-2022 14:25:29 [afisic.wppsbootcamp.com][info] End bulk optimization process! Scope: media-library. Remain: 0
-------------------------------
10-08-2022 14:28:17 [afisic.wppsbootcamp.com][info] Parent plugin start deactivation!
10-08-2022 14:28:17 [afisic.wppsbootcamp.com][info] Parent plugin deactivation complete!
-------------------------------