2022-09-07T14:18:49+00:00 CRITICAL syntax error, unexpected token "echo" in /home/afisic/public_html/roman/wp-content/themes/Divi-child/functions.php on line 24

2022-09-07T14:19:27+00:00 CRITICAL Uncaught Error: Call to undefined function shell_exec() in /home/afisic/public_html/roman/wp-content/themes/Divi-child/functions.php:24
Stack trace:
#0 /home/afisic/public_html/roman/wp-includes/class-wp-hook.php(307): dodaj_tekst('')
#1 /home/afisic/public_html/roman/wp-includes/class-wp-hook.php(331): WP_Hook->apply_filters('', Array)
#2 /home/afisic/public_html/roman/wp-includes/plugin.php(476): WP_Hook->do_action(Array)
#3 /home/afisic/public_html/roman/wp-content/plugins/woocommerce/templates/single-product/add-to-cart/simple.php(54): do_action('woocommerce_aft...')
#4 /home/afisic/public_html/roman/wp-content/plugins/woocommerce/includes/wc-core-functions.php(345): include('/home/afisic/pu...')
#5 /home/afisic/public_html/roman/wp-content/plugins/woocommerce/includes/wc-template-functions.php(1696): wc_get_template('single-product/...')
#6 /home/afisic/public_html/roman/wp-includes/class-wp-hook.php(307): woocommerce_simple_add_to_cart('')
#7 /home/afisic/public_html/roman/wp-includes/class-wp-hook.php(331): WP_Hook->apply_filters('', Array)
#8 /home/afisic/public_html/roman/wp-includes/plugin.php(476): WP_Hook->do_action(Array)
#9 /home/afisic/public_html/roman/wp-content/plugins/woocommerce/includes/wc-template-functions.php(1687): do_action('woocommerce_sim...')
#10 /home/afisic/public_html/roman/wp-content/themes/Divi/includes/builder/feature/woocommerce-modules.php(1121): woocommerce_template_single_add_to_cart()
#11 /home/afisic/public_html/roman/wp-content/themes/Divi/includes/builder/module/woocommerce/AddToCart.php(477): et_builder_wc_render_module_template('woocommerce_tem...', Array, Array)
#12 /home/afisic/public_html/roman/wp-content/themes/Divi/includes/builder/module/woocommerce/AddToCart.php(649): ET_Builder_Module_Woocommerce_Add_To_Cart::get_add_to_cart(Array)
#13 /home/afisic/public_html/roman/wp-content/themes/Divi/includes/builder/class-et-builder-element.php(3331): ET_Builder_Module_Woocommerce_Add_To_Cart->render(Array, '', 'et_pb_wc_add_to...', '', '', '', '', '')
#14 /home/afisic/public_html/roman/wp-includes/shortcodes.php(356): ET_Builder_Element->_render(Array, '', 'et_pb_wc_add_to...')
#15 [internal function]: do_shortcode_tag(Array)
#16 /home/afisic/public_html/roman/wp-includes/shortcodes.php(228): preg_replace_callback('/\\[(\\[?)(et_pb_...', 'do_shortcode_ta...', '[et_pb_wc_title...')
#17 /home/afisic/public_html/roman/wp-content/themes/Divi/includes/builder/main-structure-elements.php(3784): do_shortcode('[et_pb_wc_title...')
#18 /home/afisic/public_html/roman/wp-content/themes/Divi/includes/builder/class-et-builder-element.php(3331): ET_Builder_Column->render(Array, '[et_pb_wc_title...', 'et_pb_column', '', '', '', '', '')
#19 /home/afisic/public_html/roman/wp-includes/shortcodes.php(356): ET_Builder_Element->_render(Array, '[et_pb_wc_title...', 'et_pb_column')
#20 [internal function]: do_shortcode_tag(Array)
#21 /home/afisic/public_html/roman/wp-includes/shortcodes.php(228): preg_replace_callback('/\\[(\\[?)(et_pb_...', 'do_shortcode_ta...', '[et_pb_column t...')
#22 /home/afisic/public_html/roman/wp-content/themes/Divi/includes/builder/main-structure-elements.php(2274): do_shortcode('[et_pb_column t...')
#23 /home/afisic/public_html/roman/wp-content/themes/Divi/includes/builder/class-et-builder-element.php(3331): ET_Builder_Row->render(Array, '[et_pb_column t...', 'et_pb_row', '', '', '', '', '')
#24 /home/afisic/public_html/roman/wp-includes/shortcodes.php(356): ET_Builder_Element->_render(Array, '[et_pb_column t...', 'et_pb_row')
#25 [internal function]: do_shortcode_tag(Array)
#26 /home/afisic/public_html/roman/wp-includes/shortcodes.php(228): preg_replace_callback('/\\[(\\[?)(et_pb_...', 'do_shortcode_ta...', '[et_pb_row colu...')
#27 /home/afisic/public_html/roman/wp-content/themes/Divi/includes/builder/main-structure-elements.php(1606): do_shortcode('[et_pb_row colu...')
#28 /home/afisic/public_html/roman/wp-content/themes/Divi/includes/builder/class-et-builder-element.php(3331): ET_Builder_Section->render(Array, '[et_pb_row colu...', 'et_pb_section', '', '', '', '', '')
#29 /home/afisic/public_html/roman/wp-includes/shortcodes.php(356): ET_Builder_Element->_render(Array, '[et_pb_row colu...', 'et_pb_section')
#30 [internal function]: do_shortcode_tag(Array)
#31 /home/afisic/public_html/roman/wp-includes/shortcodes.php(228): preg_replace_callback('/\\[(\\[?)(et_pb_...', 'do_shortcode_ta...', '<div class="et-...')
#32 /home/afisic/public_html/roman/wp-includes/class-wp-hook.php(307): do_shortcode('<div class="et-...')
#33 /home/afisic/public_html/roman/wp-includes/plugin.php(191): WP_Hook->apply_filters('<div class="et-...', Array)
#34 /home/afisic/public_html/roman/wp-content/themes/Divi/includes/builder/core.php(26): apply_filters('et_builder_rend...', '[et_pb_section ...')
#35 /home/afisic/public_html/roman/wp-content/themes/Divi/includes/builder/frontend-builder/theme-builder/frontend.php(347): et_builder_render_layout('[et_pb_section ...')
#36 /home/afisic/public_html/roman/wp-content/themes/Divi/includes/builder/frontend-builder/theme-builder/frontend.php(506): et_theme_builder_frontend_render_layout('et_body_layout', 89)
#37 /home/afisic/public_html/roman/wp-content/themes/Divi/includes/builder/frontend-builder/theme-builder/frontend-body-template.php(10): et_theme_builder_frontend_render_body(89, true, 99)
#38 /home/afisic/public_html/roman/wp-includes/template-loader.php(106): include('/home/afisic/pu...')
#39 /home/afisic/public_html/roman/wp-blog-header.php(19): require_once('/home/afisic/pu...')
#40 /home/afisic/public_html/roman/index.php(17): require('/home/afisic/pu...')
#41 {main}
  thrown in /home/afisic/public_html/roman/wp-content/themes/Divi-child/functions.php on line 24

2022-09-07T14:19:31+00:00 CRITICAL Uncaught Error: Call to undefined function shell_exec() in /home/afisic/public_html/roman/wp-content/themes/Divi-child/functions.php:24
Stack trace:
#0 /home/afisic/public_html/roman/wp-includes/class-wp-hook.php(307): dodaj_tekst('')
#1 /home/afisic/public_html/roman/wp-includes/class-wp-hook.php(331): WP_Hook->apply_filters('', Array)
#2 /home/afisic/public_html/roman/wp-includes/plugin.php(476): WP_Hook->do_action(Array)
#3 /home/afisic/public_html/roman/wp-content/plugins/woocommerce/templates/single-product/add-to-cart/simple.php(54): do_action('woocommerce_aft...')
#4 /home/afisic/public_html/roman/wp-content/plugins/woocommerce/includes/wc-core-functions.php(345): include('/home/afisic/pu...')
#5 /home/afisic/public_html/roman/wp-content/plugins/woocommerce/includes/wc-template-functions.php(1696): wc_get_template('single-product/...')
#6 /home/afisic/public_html/roman/wp-includes/class-wp-hook.php(307): woocommerce_simple_add_to_cart('')
#7 /home/afisic/public_html/roman/wp-includes/class-wp-hook.php(331): WP_Hook->apply_filters('', Array)
#8 /home/afisic/public_html/roman/wp-includes/plugin.php(476): WP_Hook->do_action(Array)
#9 /home/afisic/public_html/roman/wp-content/plugins/woocommerce/includes/wc-template-functions.php(1687): do_action('woocommerce_sim...')
#10 /home/afisic/public_html/roman/wp-content/themes/Divi/includes/builder/feature/woocommerce-modules.php(1121): woocommerce_template_single_add_to_cart()
#11 /home/afisic/public_html/roman/wp-content/themes/Divi/includes/builder/module/woocommerce/AddToCart.php(477): et_builder_wc_render_module_template('woocommerce_tem...', Array, Array)
#12 /home/afisic/public_html/roman/wp-content/themes/Divi/includes/builder/module/woocommerce/AddToCart.php(649): ET_Builder_Module_Woocommerce_Add_To_Cart::get_add_to_cart(Array)
#13 /home/afisic/public_html/roman/wp-content/themes/Divi/includes/builder/class-et-builder-element.php(3331): ET_Builder_Module_Woocommerce_Add_To_Cart->render(Array, '', 'et_pb_wc_add_to...', '', '', '', '', '')
#14 /home/afisic/public_html/roman/wp-includes/shortcodes.php(356): ET_Builder_Element->_render(Array, '', 'et_pb_wc_add_to...')
#15 [internal function]: do_shortcode_tag(Array)
#16 /home/afisic/public_html/roman/wp-includes/shortcodes.php(228): preg_replace_callback('/\\[(\\[?)(et_pb_...', 'do_shortcode_ta...', '[et_pb_wc_title...')
#17 /home/afisic/public_html/roman/wp-content/themes/Divi/includes/builder/main-structure-elements.php(3784): do_shortcode('[et_pb_wc_title...')
#18 /home/afisic/public_html/roman/wp-content/themes/Divi/includes/builder/class-et-builder-element.php(3331): ET_Builder_Column->render(Array, '[et_pb_wc_title...', 'et_pb_column', '', '', '', '', '')
#19 /home/afisic/public_html/roman/wp-includes/shortcodes.php(356): ET_Builder_Element->_render(Array, '[et_pb_wc_title...', 'et_pb_column')
#20 [internal function]: do_shortcode_tag(Array)
#21 /home/afisic/public_html/roman/wp-includes/shortcodes.php(228): preg_replace_callback('/\\[(\\[?)(et_pb_...', 'do_shortcode_ta...', '[et_pb_column t...')
#22 /home/afisic/public_html/roman/wp-content/themes/Divi/includes/builder/main-structure-elements.php(2274): do_shortcode('[et_pb_column t...')
#23 /home/afisic/public_html/roman/wp-content/themes/Divi/includes/builder/class-et-builder-element.php(3331): ET_Builder_Row->render(Array, '[et_pb_column t...', 'et_pb_row', '', '', '', '', '')
#24 /home/afisic/public_html/roman/wp-includes/shortcodes.php(356): ET_Builder_Element->_render(Array, '[et_pb_column t...', 'et_pb_row')
#25 [internal function]: do_shortcode_tag(Array)
#26 /home/afisic/public_html/roman/wp-includes/shortcodes.php(228): preg_replace_callback('/\\[(\\[?)(et_pb_...', 'do_shortcode_ta...', '[et_pb_row colu...')
#27 /home/afisic/public_html/roman/wp-content/themes/Divi/includes/builder/main-structure-elements.php(1606): do_shortcode('[et_pb_row colu...')
#28 /home/afisic/public_html/roman/wp-content/themes/Divi/includes/builder/class-et-builder-element.php(3331): ET_Builder_Section->render(Array, '[et_pb_row colu...', 'et_pb_section', '', '', '', '', '')
#29 /home/afisic/public_html/roman/wp-includes/shortcodes.php(356): ET_Builder_Element->_render(Array, '[et_pb_row colu...', 'et_pb_section')
#30 [internal function]: do_shortcode_tag(Array)
#31 /home/afisic/public_html/roman/wp-includes/shortcodes.php(228): preg_replace_callback('/\\[(\\[?)(et_pb_...', 'do_shortcode_ta...', '<div class="et-...')
#32 /home/afisic/public_html/roman/wp-includes/class-wp-hook.php(307): do_shortcode('<div class="et-...')
#33 /home/afisic/public_html/roman/wp-includes/plugin.php(191): WP_Hook->apply_filters('<div class="et-...', Array)
#34 /home/afisic/public_html/roman/wp-content/themes/Divi/includes/builder/core.php(26): apply_filters('et_builder_rend...', '[et_pb_section ...')
#35 /home/afisic/public_html/roman/wp-content/themes/Divi/includes/builder/frontend-builder/theme-builder/frontend.php(347): et_builder_render_layout('[et_pb_section ...')
#36 /home/afisic/public_html/roman/wp-content/themes/Divi/includes/builder/frontend-builder/theme-builder/frontend.php(506): et_theme_builder_frontend_render_layout('et_body_layout', 89)
#37 /home/afisic/public_html/roman/wp-content/themes/Divi/includes/builder/frontend-builder/theme-builder/frontend-body-template.php(10): et_theme_builder_frontend_render_body(89, true, 99)
#38 /home/afisic/public_html/roman/wp-includes/template-loader.php(106): include('/home/afisic/pu...')
#39 /home/afisic/public_html/roman/wp-blog-header.php(19): require_once('/home/afisic/pu...')
#40 /home/afisic/public_html/roman/index.php(17): require('/home/afisic/pu...')
#41 {main}
  thrown in /home/afisic/public_html/roman/wp-content/themes/Divi-child/functions.php on line 24

2022-09-07T14:20:25+00:00 CRITICAL Uncaught Error: Call to undefined function shell_exec() in /home/afisic/public_html/roman/wp-content/themes/Divi-child/functions.php:24
Stack trace:
#0 /home/afisic/public_html/roman/wp-includes/class-wp-hook.php(307): dodaj_tekst('')
#1 /home/afisic/public_html/roman/wp-includes/class-wp-hook.php(331): WP_Hook->apply_filters('', Array)
#2 /home/afisic/public_html/roman/wp-includes/plugin.php(476): WP_Hook->do_action(Array)
#3 /home/afisic/public_html/roman/wp-content/plugins/woocommerce/templates/single-product/add-to-cart/simple.php(54): do_action('woocommerce_aft...')
#4 /home/afisic/public_html/roman/wp-content/plugins/woocommerce/includes/wc-core-functions.php(345): include('/home/afisic/pu...')
#5 /home/afisic/public_html/roman/wp-content/plugins/woocommerce/includes/wc-template-functions.php(1696): wc_get_template('single-product/...')
#6 /home/afisic/public_html/roman/wp-includes/class-wp-hook.php(307): woocommerce_simple_add_to_cart('')
#7 /home/afisic/public_html/roman/wp-includes/class-wp-hook.php(331): WP_Hook->apply_filters('', Array)
#8 /home/afisic/public_html/roman/wp-includes/plugin.php(476): WP_Hook->do_action(Array)
#9 /home/afisic/public_html/roman/wp-content/plugins/woocommerce/includes/wc-template-functions.php(1687): do_action('woocommerce_sim...')
#10 /home/afisic/public_html/roman/wp-content/themes/Divi/includes/builder/feature/woocommerce-modules.php(1121): woocommerce_template_single_add_to_cart()
#11 /home/afisic/public_html/roman/wp-content/themes/Divi/includes/builder/module/woocommerce/AddToCart.php(477): et_builder_wc_render_module_template('woocommerce_tem...', Array, Array)
#12 /home/afisic/public_html/roman/wp-content/themes/Divi/includes/builder/module/woocommerce/AddToCart.php(649): ET_Builder_Module_Woocommerce_Add_To_Cart::get_add_to_cart(Array)
#13 /home/afisic/public_html/roman/wp-content/themes/Divi/includes/builder/class-et-builder-element.php(3331): ET_Builder_Module_Woocommerce_Add_To_Cart->render(Array, '', 'et_pb_wc_add_to...', '', '', '', '', '')
#14 /home/afisic/public_html/roman/wp-includes/shortcodes.php(356): ET_Builder_Element->_render(Array, '', 'et_pb_wc_add_to...')
#15 [internal function]: do_shortcode_tag(Array)
#16 /home/afisic/public_html/roman/wp-includes/shortcodes.php(228): preg_replace_callback('/\\[(\\[?)(et_pb_...', 'do_shortcode_ta...', '[et_pb_wc_title...')
#17 /home/afisic/public_html/roman/wp-content/themes/Divi/includes/builder/main-structure-elements.php(3784): do_shortcode('[et_pb_wc_title...')
#18 /home/afisic/public_html/roman/wp-content/themes/Divi/includes/builder/class-et-builder-element.php(3331): ET_Builder_Column->render(Array, '[et_pb_wc_title...', 'et_pb_column', '', '', '', '', '')
#19 /home/afisic/public_html/roman/wp-includes/shortcodes.php(356): ET_Builder_Element->_render(Array, '[et_pb_wc_title...', 'et_pb_column')
#20 [internal function]: do_shortcode_tag(Array)
#21 /home/afisic/public_html/roman/wp-includes/shortcodes.php(228): preg_replace_callback('/\\[(\\[?)(et_pb_...', 'do_shortcode_ta...', '[et_pb_column t...')
#22 /home/afisic/public_html/roman/wp-content/themes/Divi/includes/builder/main-structure-elements.php(2274): do_shortcode('[et_pb_column t...')
#23 /home/afisic/public_html/roman/wp-content/themes/Divi/includes/builder/class-et-builder-element.php(3331): ET_Builder_Row->render(Array, '[et_pb_column t...', 'et_pb_row', '', '', '', '', '')
#24 /home/afisic/public_html/roman/wp-includes/shortcodes.php(356): ET_Builder_Element->_render(Array, '[et_pb_column t...', 'et_pb_row')
#25 [internal function]: do_shortcode_tag(Array)
#26 /home/afisic/public_html/roman/wp-includes/shortcodes.php(228): preg_replace_callback('/\\[(\\[?)(et_pb_...', 'do_shortcode_ta...', '[et_pb_row colu...')
#27 /home/afisic/public_html/roman/wp-content/themes/Divi/includes/builder/main-structure-elements.php(1606): do_shortcode('[et_pb_row colu...')
#28 /home/afisic/public_html/roman/wp-content/themes/Divi/includes/builder/class-et-builder-element.php(3331): ET_Builder_Section->render(Array, '[et_pb_row colu...', 'et_pb_section', '', '', '', '', '')
#29 /home/afisic/public_html/roman/wp-includes/shortcodes.php(356): ET_Builder_Element->_render(Array, '[et_pb_row colu...', 'et_pb_section')
#30 [internal function]: do_shortcode_tag(Array)
#31 /home/afisic/public_html/roman/wp-includes/shortcodes.php(228): preg_replace_callback('/\\[(\\[?)(et_pb_...', 'do_shortcode_ta...', '<div class="et-...')
#32 /home/afisic/public_html/roman/wp-includes/class-wp-hook.php(307): do_shortcode('<div class="et-...')
#33 /home/afisic/public_html/roman/wp-includes/plugin.php(191): WP_Hook->apply_filters('<div class="et-...', Array)
#34 /home/afisic/public_html/roman/wp-content/themes/Divi/includes/builder/core.php(26): apply_filters('et_builder_rend...', '[et_pb_section ...')
#35 /home/afisic/public_html/roman/wp-content/themes/Divi/includes/builder/frontend-builder/theme-builder/frontend.php(347): et_builder_render_layout('[et_pb_section ...')
#36 /home/afisic/public_html/roman/wp-content/themes/Divi/includes/builder/frontend-builder/theme-builder/frontend.php(506): et_theme_builder_frontend_render_layout('et_body_layout', 89)
#37 /home/afisic/public_html/roman/wp-content/themes/Divi/includes/builder/frontend-builder/theme-builder/frontend-body-template.php(10): et_theme_builder_frontend_render_body(89, true, 99)
#38 /home/afisic/public_html/roman/wp-includes/template-loader.php(106): include('/home/afisic/pu...')
#39 /home/afisic/public_html/roman/wp-blog-header.php(19): require_once('/home/afisic/pu...')
#40 /home/afisic/public_html/roman/index.php(17): require('/home/afisic/pu...')
#41 {main}
  thrown in /home/afisic/public_html/roman/wp-content/themes/Divi-child/functions.php on line 24

2022-09-07T18:35:44+00:00 CRITICAL syntax error, unexpected token "}", expecting "," or ";" in /home/afisic/public_html/roman/wp-content/themes/Divi-child/functions.php on line 48

